\BOOKMARK [0][-]{section*.1}{Contenidos}{}% 1
\BOOKMARK [0][-]{chapter.1}{Introducci\363n}{}% 2
\BOOKMARK [1][-]{section.1.1}{Java RMI}{chapter.1}% 3
\BOOKMARK [1][-]{section.1.2}{Servidor}{chapter.1}% 4
\BOOKMARK [1][-]{section.1.3}{Proxy}{chapter.1}% 5
\BOOKMARK [1][-]{section.1.4}{Cliente}{chapter.1}% 6
\BOOKMARK [1][-]{section.1.5}{Configuraci\363n}{chapter.1}% 7
\BOOKMARK [2][-]{subsection.1.5.1}{Configuraci\363n del fichero server.policy}{section.1.5}% 8
\BOOKMARK [2][-]{subsection.1.5.2}{Configuraci\363n de la m\341quina virtual}{section.1.5}% 9
\BOOKMARK [0][-]{chapter.2}{Servidor}{}% 10
\BOOKMARK [1][-]{section.2.1}{Introducci\363n}{chapter.2}% 11
\BOOKMARK [1][-]{section.2.2}{Funcionalidad del servidor}{chapter.2}% 12
\BOOKMARK [2][-]{subsection.2.2.1}{Descargar fichero}{section.2.2}% 13
\BOOKMARK [2][-]{subsection.2.2.2}{Devolver la hora}{section.2.2}% 14
\BOOKMARK [2][-]{subsection.2.2.3}{Listar ficheros}{section.2.2}% 15
\BOOKMARK [2][-]{subsection.2.2.4}{Modificar la carpeta remota del servidor}{section.2.2}% 16
\BOOKMARK [2][-]{subsection.2.2.5}{Subir fichero}{section.2.2}% 17
\BOOKMARK [2][-]{subsection.2.2.6}{\332ltima modificaci\363n}{section.2.2}% 18
\BOOKMARK [0][-]{chapter.3}{Proxy}{}% 19
\BOOKMARK [1][-]{section.3.1}{Introducci\363n}{chapter.3}% 20
\BOOKMARK [1][-]{section.3.2}{Funcionalidad}{chapter.3}% 21
\BOOKMARK [0][-]{chapter.4}{Cliente}{}% 22
\BOOKMARK [1][-]{section.4.1}{Introducci\363n}{chapter.4}% 23
\BOOKMARK [1][-]{section.4.2}{Ejecuci\363n de la aplicaci\363n}{chapter.4}% 24
\BOOKMARK [2][-]{subsection.4.2.1}{Ventana principal}{section.4.2}% 25
\BOOKMARK [2][-]{subsection.4.2.2}{Elegir directorio remoto}{section.4.2}% 26
\BOOKMARK [0][-]{appendix.A}{Documentaci\363n de la aplicaci\363n distribuida}{}% 27
\BOOKMARK [1][-]{section.A.1}{Javadoc}{appendix.A}% 28
\BOOKMARK [1][-]{section.A.2}{Documentaci\363n}{appendix.A}% 29
