This is pdfTeX, Version 3.1415926-2.5-1.40.14 (TeX Live 2013/Debian) (format=pdflatex 2014.11.17)  30 DEC 2014 19:46
entering extended mode
 \write18 enabled.
 %&-line parsing enabled.
**main.tex
(./main.tex
LaTeX2e <2011/06/27>
Babel <3.9h> and hyphenation patterns for 78 languages loaded.
(/usr/share/texlive/texmf-dist/tex/latex/base/report.cls
Document Class: report 2007/10/19 v1.4h Standard LaTeX document class
(/usr/share/texlive/texmf-dist/tex/latex/base/size10.clo
File: size10.clo 2007/10/19 v1.4h Standard LaTeX file (size option)
)
\c@part=\count79
\c@chapter=\count80
\c@section=\count81
\c@subsection=\count82
\c@subsubsection=\count83
\c@paragraph=\count84
\c@subparagraph=\count85
\c@figure=\count86
\c@table=\count87
\abovecaptionskip=\skip41
\belowcaptionskip=\skip42
\bibindent=\dimen102
)
(/usr/share/texlive/texmf-dist/tex/latex/base/inputenc.sty
Package: inputenc 2008/03/30 v1.1d Input encoding file
\inpenc@prehook=\toks14
\inpenc@posthook=\toks15

(/usr/share/texlive/texmf-dist/tex/latex/base/utf8.def
File: utf8.def 2008/04/05 v1.1m UTF-8 support for inputenc
Now handling font encoding OML ...
... no UTF-8 mapping file for font encoding OML
Now handling font encoding T1 ...
... processing UTF-8 mapping file for font encoding T1

(/usr/share/texlive/texmf-dist/tex/latex/base/t1enc.dfu
File: t1enc.dfu 2008/04/05 v1.1m UTF-8 support for inputenc
   defining Unicode char U+00A1 (decimal 161)
   defining Unicode char U+00A3 (decimal 163)
   defining Unicode char U+00AB (decimal 171)
   defining Unicode char U+00BB (decimal 187)
   defining Unicode char U+00BF (decimal 191)
   defining Unicode char U+00C0 (decimal 192)
   defining Unicode char U+00C1 (decimal 193)
   defining Unicode char U+00C2 (decimal 194)
   defining Unicode char U+00C3 (decimal 195)
   defining Unicode char U+00C4 (decimal 196)
   defining Unicode char U+00C5 (decimal 197)
   defining Unicode char U+00C6 (decimal 198)
   defining Unicode char U+00C7 (decimal 199)
   defining Unicode char U+00C8 (decimal 200)
   defining Unicode char U+00C9 (decimal 201)
   defining Unicode char U+00CA (decimal 202)
   defining Unicode char U+00CB (decimal 203)
   defining Unicode char U+00CC (decimal 204)
   defining Unicode char U+00CD (decimal 205)
   defining Unicode char U+00CE (decimal 206)
   defining Unicode char U+00CF (decimal 207)
   defining Unicode char U+00D0 (decimal 208)
   defining Unicode char U+00D1 (decimal 209)
   defining Unicode char U+00D2 (decimal 210)
   defining Unicode char U+00D3 (decimal 211)
   defining Unicode char U+00D4 (decimal 212)
   defining Unicode char U+00D5 (decimal 213)
   defining Unicode char U+00D6 (decimal 214)
   defining Unicode char U+00D8 (decimal 216)
   defining Unicode char U+00D9 (decimal 217)
   defining Unicode char U+00DA (decimal 218)
   defining Unicode char U+00DB (decimal 219)
   defining Unicode char U+00DC (decimal 220)
   defining Unicode char U+00DD (decimal 221)
   defining Unicode char U+00DE (decimal 222)
   defining Unicode char U+00DF (decimal 223)
   defining Unicode char U+00E0 (decimal 224)
   defining Unicode char U+00E1 (decimal 225)
   defining Unicode char U+00E2 (decimal 226)
   defining Unicode char U+00E3 (decimal 227)
   defining Unicode char U+00E4 (decimal 228)
   defining Unicode char U+00E5 (decimal 229)
   defining Unicode char U+00E6 (decimal 230)
   defining Unicode char U+00E7 (decimal 231)
   defining Unicode char U+00E8 (decimal 232)
   defining Unicode char U+00E9 (decimal 233)
   defining Unicode char U+00EA (decimal 234)
   defining Unicode char U+00EB (decimal 235)
   defining Unicode char U+00EC (decimal 236)
   defining Unicode char U+00ED (decimal 237)
   defining Unicode char U+00EE (decimal 238)
   defining Unicode char U+00EF (decimal 239)
   defining Unicode char U+00F0 (decimal 240)
   defining Unicode char U+00F1 (decimal 241)
   defining Unicode char U+00F2 (decimal 242)
   defining Unicode char U+00F3 (decimal 243)
   defining Unicode char U+00F4 (decimal 244)
   defining Unicode char U+00F5 (decimal 245)
   defining Unicode char U+00F6 (decimal 246)
   defining Unicode char U+00F8 (decimal 248)
   defining Unicode char U+00F9 (decimal 249)
   defining Unicode char U+00FA (decimal 250)
   defining Unicode char U+00FB (decimal 251)
   defining Unicode char U+00FC (decimal 252)
   defining Unicode char U+00FD (decimal 253)
   defining Unicode char U+00FE (decimal 254)
   defining Unicode char U+00FF (decimal 255)
   defining Unicode char U+0102 (decimal 258)
   defining Unicode char U+0103 (decimal 259)
   defining Unicode char U+0104 (decimal 260)
   defining Unicode char U+0105 (decimal 261)
   defining Unicode char U+0106 (decimal 262)
   defining Unicode char U+0107 (decimal 263)
   defining Unicode char U+010C (decimal 268)
   defining Unicode char U+010D (decimal 269)
   defining Unicode char U+010E (decimal 270)
   defining Unicode char U+010F (decimal 271)
   defining Unicode char U+0110 (decimal 272)
   defining Unicode char U+0111 (decimal 273)
   defining Unicode char U+0118 (decimal 280)
   defining Unicode char U+0119 (decimal 281)
   defining Unicode char U+011A (decimal 282)
   defining Unicode char U+011B (decimal 283)
   defining Unicode char U+011E (decimal 286)
   defining Unicode char U+011F (decimal 287)
   defining Unicode char U+0130 (decimal 304)
   defining Unicode char U+0131 (decimal 305)
   defining Unicode char U+0132 (decimal 306)
   defining Unicode char U+0133 (decimal 307)
   defining Unicode char U+0139 (decimal 313)
   defining Unicode char U+013A (decimal 314)
   defining Unicode char U+013D (decimal 317)
   defining Unicode char U+013E (decimal 318)
   defining Unicode char U+0141 (decimal 321)
   defining Unicode char U+0142 (decimal 322)
   defining Unicode char U+0143 (decimal 323)
   defining Unicode char U+0144 (decimal 324)
   defining Unicode char U+0147 (decimal 327)
   defining Unicode char U+0148 (decimal 328)
   defining Unicode char U+014A (decimal 330)
   defining Unicode char U+014B (decimal 331)
   defining Unicode char U+0150 (decimal 336)
   defining Unicode char U+0151 (decimal 337)
   defining Unicode char U+0152 (decimal 338)
   defining Unicode char U+0153 (decimal 339)
   defining Unicode char U+0154 (decimal 340)
   defining Unicode char U+0155 (decimal 341)
   defining Unicode char U+0158 (decimal 344)
   defining Unicode char U+0159 (decimal 345)
   defining Unicode char U+015A (decimal 346)
   defining Unicode char U+015B (decimal 347)
   defining Unicode char U+015E (decimal 350)
   defining Unicode char U+015F (decimal 351)
   defining Unicode char U+0160 (decimal 352)
   defining Unicode char U+0161 (decimal 353)
   defining Unicode char U+0162 (decimal 354)
   defining Unicode char U+0163 (decimal 355)
   defining Unicode char U+0164 (decimal 356)
   defining Unicode char U+0165 (decimal 357)
   defining Unicode char U+016E (decimal 366)
   defining Unicode char U+016F (decimal 367)
   defining Unicode char U+0170 (decimal 368)
   defining Unicode char U+0171 (decimal 369)
   defining Unicode char U+0178 (decimal 376)
   defining Unicode char U+0179 (decimal 377)
   defining Unicode char U+017A (decimal 378)
   defining Unicode char U+017B (decimal 379)
   defining Unicode char U+017C (decimal 380)
   defining Unicode char U+017D (decimal 381)
   defining Unicode char U+017E (decimal 382)
   defining Unicode char U+200C (decimal 8204)
   defining Unicode char U+2013 (decimal 8211)
   defining Unicode char U+2014 (decimal 8212)
   defining Unicode char U+2018 (decimal 8216)
   defining Unicode char U+2019 (decimal 8217)
   defining Unicode char U+201A (decimal 8218)
   defining Unicode char U+201C (decimal 8220)
   defining Unicode char U+201D (decimal 8221)
   defining Unicode char U+201E (decimal 8222)
   defining Unicode char U+2030 (decimal 8240)
   defining Unicode char U+2031 (decimal 8241)
   defining Unicode char U+2039 (decimal 8249)
   defining Unicode char U+203A (decimal 8250)
   defining Unicode char U+2423 (decimal 9251)
)
Now handling font encoding OT1 ...
... processing UTF-8 mapping file for font encoding OT1

(/usr/share/texlive/texmf-dist/tex/latex/base/ot1enc.dfu
File: ot1enc.dfu 2008/04/05 v1.1m UTF-8 support for inputenc
   defining Unicode char U+00A1 (decimal 161)
   defining Unicode char U+00A3 (decimal 163)
   defining Unicode char U+00B8 (decimal 184)
   defining Unicode char U+00BF (decimal 191)
   defining Unicode char U+00C5 (decimal 197)
   defining Unicode char U+00C6 (decimal 198)
   defining Unicode char U+00D8 (decimal 216)
   defining Unicode char U+00DF (decimal 223)
   defining Unicode char U+00E6 (decimal 230)
   defining Unicode char U+00EC (decimal 236)
   defining Unicode char U+00ED (decimal 237)
   defining Unicode char U+00EE (decimal 238)
   defining Unicode char U+00EF (decimal 239)
   defining Unicode char U+00F8 (decimal 248)
   defining Unicode char U+0131 (decimal 305)
   defining Unicode char U+0141 (decimal 321)
   defining Unicode char U+0142 (decimal 322)
   defining Unicode char U+0152 (decimal 338)
   defining Unicode char U+0153 (decimal 339)
   defining Unicode char U+2013 (decimal 8211)
   defining Unicode char U+2014 (decimal 8212)
   defining Unicode char U+2018 (decimal 8216)
   defining Unicode char U+2019 (decimal 8217)
   defining Unicode char U+201C (decimal 8220)
   defining Unicode char U+201D (decimal 8221)
)
Now handling font encoding OMS ...
... processing UTF-8 mapping file for font encoding OMS

(/usr/share/texlive/texmf-dist/tex/latex/base/omsenc.dfu
File: omsenc.dfu 2008/04/05 v1.1m UTF-8 support for inputenc
   defining Unicode char U+00A7 (decimal 167)
   defining Unicode char U+00B6 (decimal 182)
   defining Unicode char U+00B7 (decimal 183)
   defining Unicode char U+2020 (decimal 8224)
   defining Unicode char U+2021 (decimal 8225)
   defining Unicode char U+2022 (decimal 8226)
)
Now handling font encoding OMX ...
... no UTF-8 mapping file for font encoding OMX
Now handling font encoding U ...
... no UTF-8 mapping file for font encoding U
   defining Unicode char U+00A9 (decimal 169)
   defining Unicode char U+00AA (decimal 170)
   defining Unicode char U+00AE (decimal 174)
   defining Unicode char U+00BA (decimal 186)
   defining Unicode char U+02C6 (decimal 710)
   defining Unicode char U+02DC (decimal 732)
   defining Unicode char U+200C (decimal 8204)
   defining Unicode char U+2026 (decimal 8230)
   defining Unicode char U+2122 (decimal 8482)
   defining Unicode char U+2423 (decimal 9251)
))
(/usr/share/texlive/texmf-dist/tex/latex/tocloft/tocloft.sty
Package: tocloft 2013/05/02 v2.3f parameterised ToC, etc., typesetting
Package tocloft Info: The document has chapter divisions on input line 44.
\cftparskip=\skip43
\cftbeforetoctitleskip=\skip44
\cftaftertoctitleskip=\skip45
\cftbeforepartskip=\skip46
\cftpartnumwidth=\skip47
\cftpartindent=\skip48
\cftbeforechapskip=\skip49
\cftchapindent=\skip50
\cftchapnumwidth=\skip51
\cftbeforesecskip=\skip52
\cftsecindent=\skip53
\cftsecnumwidth=\skip54
\cftbeforesubsecskip=\skip55
\cftsubsecindent=\skip56
\cftsubsecnumwidth=\skip57
\cftbeforesubsubsecskip=\skip58
\cftsubsubsecindent=\skip59
\cftsubsubsecnumwidth=\skip60
\cftbeforeparaskip=\skip61
\cftparaindent=\skip62
\cftparanumwidth=\skip63
\cftbeforesubparaskip=\skip64
\cftsubparaindent=\skip65
\cftsubparanumwidth=\skip66
\cftbeforeloftitleskip=\skip67
\cftafterloftitleskip=\skip68
\cftbeforefigskip=\skip69
\cftfigindent=\skip70
\cftfignumwidth=\skip71
\c@lofdepth=\count88
\c@lotdepth=\count89
\cftbeforelottitleskip=\skip72
\cftafterlottitleskip=\skip73
\cftbeforetabskip=\skip74
\cfttabindent=\skip75
\cfttabnumwidth=\skip76
)
(/usr/share/texlive/texmf-dist/tex/latex/tocbibind/tocbibind.sty
Package: tocbibind 2010/10/13 v1.5k extra ToC listings
Package tocbibind Info: The document has chapter divisions on input line 50.


Package tocbibind Note: Using chapter style headings, unless overridden.

) (/usr/share/texlive/texmf-dist/tex/latex/titlesec/titlesec.sty
Package: titlesec 2011/12/15 v2.10.0 Sectioning titles
\ttl@box=\box26
\beforetitleunit=\skip77
\aftertitleunit=\skip78
\ttl@plus=\dimen103
\ttl@minus=\dimen104
\ttl@toksa=\toks16
\titlewidth=\dimen105
\titlewidthlast=\dimen106
\titlewidthfirst=\dimen107
)
(/usr/share/texmf/tex/latex/xcolor/xcolor.sty
Package: xcolor 2007/01/21 v2.11 LaTeX color extensions (UK)

(/usr/share/texlive/texmf-dist/tex/latex/latexconfig/color.cfg
File: color.cfg 2007/01/18 v1.5 color configuration of teTeX/TeXLive
)
Package xcolor Info: Driver file: pdftex.def on input line 225.

(/usr/share/texlive/texmf-dist/tex/latex/pdftex-def/pdftex.def
File: pdftex.def 2011/05/27 v0.06d Graphics/color for pdfTeX

(/usr/share/texlive/texmf-dist/tex/generic/oberdiek/infwarerr.sty
Package: infwarerr 2010/04/08 v1.3 Providing info/warning/error messages (HO)
)
(/usr/share/texlive/texmf-dist/tex/generic/oberdiek/ltxcmds.sty
Package: ltxcmds 2011/11/09 v1.22 LaTeX kernel commands for general use (HO)
)
\Gread@gobject=\count90
)
(/usr/share/texlive/texmf-dist/tex/latex/colortbl/colortbl.sty
Package: colortbl 2012/02/13 v1.0a Color table columns (DPC)

(/usr/share/texlive/texmf-dist/tex/latex/tools/array.sty
Package: array 2008/09/09 v2.4c Tabular extension package (FMi)
\col@sep=\dimen108
\extrarowheight=\dimen109
\NC@list=\toks17
\extratabsurround=\skip79
\backup@length=\skip80
)
\everycr=\toks18
\minrowclearance=\skip81
)
\rownum=\count91
Package xcolor Info: Model `cmy' substituted by `cmy0' on input line 1337.
Package xcolor Info: Model `hsb' substituted by `rgb' on input line 1341.
Package xcolor Info: Model `RGB' extended on input line 1353.
Package xcolor Info: Model `HTML' substituted by `rgb' on input line 1355.
Package xcolor Info: Model `Hsb' substituted by `hsb' on input line 1356.
Package xcolor Info: Model `tHsb' substituted by `hsb' on input line 1357.
Package xcolor Info: Model `HSB' substituted by `hsb' on input line 1358.
Package xcolor Info: Model `Gray' substituted by `gray' on input line 1359.
Package xcolor Info: Model `wave' substituted by `hsb' on input line 1360.
)
(/usr/share/texlive/texmf-dist/tex/latex/fancyhdr/fancyhdr.sty
\fancy@headwidth=\skip82
\f@ncyO@elh=\skip83
\f@ncyO@erh=\skip84
\f@ncyO@olh=\skip85
\f@ncyO@orh=\skip86
\f@ncyO@elf=\skip87
\f@ncyO@erf=\skip88
\f@ncyO@olf=\skip89
\f@ncyO@orf=\skip90
)
(/usr/share/texmf/tex/latex/pgf/frontendlayer/tikz-er2.sty
Package: tikz-er2 2009/01/31 Entity-relationship diagrams using the Tikz librar
y

(/usr/share/texmf/tex/latex/pgf/frontendlayer/tikz.sty
(/usr/share/texmf/tex/latex/pgf/basiclayer/pgf.sty
(/usr/share/texmf/tex/latex/pgf/utilities/pgfrcs.sty
(/usr/share/texlive/texmf-dist/tex/latex/tex/generic/utilities/pgfutil-common.t
ex
\pgfutil@everybye=\toks19
\pgfutil@tempdima=\dimen110
\pgfutil@tempdimb=\dimen111

(/usr/share/texlive/texmf-dist/tex/latex/tex/generic/utilities/pgfutil-common-l
ists.tex))
(/usr/share/texlive/texmf-dist/tex/latex/tex/generic/utilities/pgfutil-latex.de
f
\pgfutil@abb=\box27
 (/usr/share/texlive/texmf-dist/tex/latex/ms/everyshi.sty
Package: everyshi 2001/05/15 v3.00 EveryShipout Package (MS)
))
(/usr/share/texlive/texmf-dist/tex/latex/tex/generic/utilities/pgfrcs.code.tex
Package: pgfrcs 2013/12/20 v3.0.0 (rcs-revision 1.28)
))
Package: pgf 2008/01/15 v3.0.0 (rcs-revision 1.12)
 (/usr/share/texmf/tex/latex/pgf/basiclayer/pgfcore.sty
(/usr/share/texlive/texmf-dist/tex/latex/graphics/graphicx.sty
Package: graphicx 1999/02/16 v1.0f Enhanced LaTeX Graphics (DPC,SPQR)

(/usr/share/texlive/texmf-dist/tex/latex/graphics/keyval.sty
Package: keyval 1999/03/16 v1.13 key=value parser (DPC)
\KV@toks@=\toks20
)
(/usr/share/texlive/texmf-dist/tex/latex/graphics/graphics.sty
Package: graphics 2009/02/05 v1.0o Standard LaTeX Graphics (DPC,SPQR)

(/usr/share/texlive/texmf-dist/tex/latex/graphics/trig.sty
Package: trig 1999/03/16 v1.09 sin cos tan (DPC)
)
(/usr/share/texlive/texmf-dist/tex/latex/latexconfig/graphics.cfg
File: graphics.cfg 2010/04/23 v1.9 graphics configuration of TeX Live
)
Package graphics Info: Driver file: pdftex.def on input line 91.
)
\Gin@req@height=\dimen112
\Gin@req@width=\dimen113
)
(/usr/share/texmf/tex/latex/pgf/systemlayer/pgfsys.sty
(/usr/share/texlive/texmf-dist/tex/latex/tex/generic/systemlayer/pgfsys.code.te
x
Package: pgfsys 2013/11/30 v3.0.0 (rcs-revision 1.47)

(/usr/share/texlive/texmf-dist/tex/latex/tex/generic/utilities/pgfkeys.code.tex
\pgfkeys@pathtoks=\toks21
\pgfkeys@temptoks=\toks22

(/usr/share/texlive/texmf-dist/tex/latex/tex/generic/utilities/pgfkeysfiltered.
code.tex
\pgfkeys@tmptoks=\toks23
))
\pgf@x=\dimen114
\pgf@y=\dimen115
\pgf@xa=\dimen116
\pgf@ya=\dimen117
\pgf@xb=\dimen118
\pgf@yb=\dimen119
\pgf@xc=\dimen120
\pgf@yc=\dimen121
\w@pgf@writea=\write3
\r@pgf@reada=\read1
\c@pgf@counta=\count92
\c@pgf@countb=\count93
\c@pgf@countc=\count94
\c@pgf@countd=\count95
\t@pgf@toka=\toks24
\t@pgf@tokb=\toks25
\t@pgf@tokc=\toks26

(/usr/share/texlive/texmf-dist/tex/latex/tex/generic/systemlayer/pgf.cfg
File: pgf.cfg 2008/05/14  (rcs-revision 1.7)
)
Driver file for pgf: pgfsys-pdftex.def

(/usr/share/texlive/texmf-dist/tex/latex/tex/generic/systemlayer/pgfsys-pdftex.
def
File: pgfsys-pdftex.def 2013/07/18  (rcs-revision 1.33)

(/usr/share/texlive/texmf-dist/tex/latex/tex/generic/systemlayer/pgfsys-common-
pdf.def
File: pgfsys-common-pdf.def 2013/10/10  (rcs-revision 1.13)
)))
(/usr/share/texlive/texmf-dist/tex/latex/tex/generic/systemlayer/pgfsyssoftpath
.code.tex
File: pgfsyssoftpath.code.tex 2013/09/09  (rcs-revision 1.9)
\pgfsyssoftpath@smallbuffer@items=\count96
\pgfsyssoftpath@bigbuffer@items=\count97
)
(/usr/share/texlive/texmf-dist/tex/latex/tex/generic/systemlayer/pgfsysprotocol
.code.tex
File: pgfsysprotocol.code.tex 2006/10/16  (rcs-revision 1.4)
))
(/usr/share/texlive/texmf-dist/tex/latex/tex/generic/basiclayer/pgfcore.code.te
x
Package: pgfcore 2010/04/11 v3.0.0 (rcs-revision 1.7)
 (/usr/share/texlive/texmf-dist/tex/latex/tex/generic/math/pgfmath.code.tex
(/usr/share/texlive/texmf-dist/tex/latex/tex/generic/math/pgfmathcalc.code.tex
(/usr/share/texlive/texmf-dist/tex/latex/tex/generic/math/pgfmathutil.code.tex)

(/usr/share/texlive/texmf-dist/tex/latex/tex/generic/math/pgfmathparser.code.te
x
\pgfmath@dimen=\dimen122
\pgfmath@count=\count98
\pgfmath@box=\box28
\pgfmath@toks=\toks27
\pgfmath@stack@operand=\toks28
\pgfmath@stack@operation=\toks29
)
(/usr/share/texlive/texmf-dist/tex/latex/tex/generic/math/pgfmathfunctions.code
.tex
(/usr/share/texlive/texmf-dist/tex/latex/tex/generic/math/pgfmathfunctions.basi
c.code.tex)
(/usr/share/texlive/texmf-dist/tex/latex/tex/generic/math/pgfmathfunctions.trig
onometric.code.tex)
(/usr/share/texlive/texmf-dist/tex/latex/tex/generic/math/pgfmathfunctions.rand
om.code.tex)
(/usr/share/texlive/texmf-dist/tex/latex/tex/generic/math/pgfmathfunctions.comp
arison.code.tex)
(/usr/share/texlive/texmf-dist/tex/latex/tex/generic/math/pgfmathfunctions.base
.code.tex)
(/usr/share/texlive/texmf-dist/tex/latex/tex/generic/math/pgfmathfunctions.roun
d.code.tex)
(/usr/share/texlive/texmf-dist/tex/latex/tex/generic/math/pgfmathfunctions.misc
.code.tex)
(/usr/share/texlive/texmf-dist/tex/latex/tex/generic/math/pgfmathfunctions.inte
gerarithmetics.code.tex)))
(/usr/share/texlive/texmf-dist/tex/latex/tex/generic/math/pgfmathfloat.code.tex
\c@pgfmathroundto@lastzeros=\count99
))
(/usr/share/texlive/texmf-dist/tex/latex/tex/generic/basiclayer/pgfcorepoints.c
ode.tex
File: pgfcorepoints.code.tex 2013/10/07  (rcs-revision 1.27)
\pgf@picminx=\dimen123
\pgf@picmaxx=\dimen124
\pgf@picminy=\dimen125
\pgf@picmaxy=\dimen126
\pgf@pathminx=\dimen127
\pgf@pathmaxx=\dimen128
\pgf@pathminy=\dimen129
\pgf@pathmaxy=\dimen130
\pgf@xx=\dimen131
\pgf@xy=\dimen132
\pgf@yx=\dimen133
\pgf@yy=\dimen134
\pgf@zx=\dimen135
\pgf@zy=\dimen136
)
(/usr/share/texlive/texmf-dist/tex/latex/tex/generic/basiclayer/pgfcorepathcons
truct.code.tex
File: pgfcorepathconstruct.code.tex 2013/10/07  (rcs-revision 1.29)
\pgf@path@lastx=\dimen137
\pgf@path@lasty=\dimen138
)
(/usr/share/texlive/texmf-dist/tex/latex/tex/generic/basiclayer/pgfcorepathusag
e.code.tex
File: pgfcorepathusage.code.tex 2013/12/13  (rcs-revision 1.23)
\pgf@shorten@end@additional=\dimen139
\pgf@shorten@start@additional=\dimen140
)
(/usr/share/texlive/texmf-dist/tex/latex/tex/generic/basiclayer/pgfcorescopes.c
ode.tex
File: pgfcorescopes.code.tex 2013/10/09  (rcs-revision 1.44)
\pgfpic=\box29
\pgf@hbox=\box30
\pgf@layerbox@main=\box31
\pgf@picture@serial@count=\count100
)
(/usr/share/texlive/texmf-dist/tex/latex/tex/generic/basiclayer/pgfcoregraphics
tate.code.tex
File: pgfcoregraphicstate.code.tex 2013/09/19  (rcs-revision 1.11)
\pgflinewidth=\dimen141
)
(/usr/share/texlive/texmf-dist/tex/latex/tex/generic/basiclayer/pgfcoretransfor
mations.code.tex
File: pgfcoretransformations.code.tex 2013/10/10  (rcs-revision 1.17)
\pgf@pt@x=\dimen142
\pgf@pt@y=\dimen143
\pgf@pt@temp=\dimen144
)
(/usr/share/texlive/texmf-dist/tex/latex/tex/generic/basiclayer/pgfcorequick.co
de.tex
File: pgfcorequick.code.tex 2008/10/09  (rcs-revision 1.3)
)
(/usr/share/texlive/texmf-dist/tex/latex/tex/generic/basiclayer/pgfcoreobjects.
code.tex
File: pgfcoreobjects.code.tex 2006/10/11  (rcs-revision 1.2)
)
(/usr/share/texlive/texmf-dist/tex/latex/tex/generic/basiclayer/pgfcorepathproc
essing.code.tex
File: pgfcorepathprocessing.code.tex 2013/09/09  (rcs-revision 1.9)
)
(/usr/share/texlive/texmf-dist/tex/latex/tex/generic/basiclayer/pgfcorearrows.c
ode.tex
File: pgfcorearrows.code.tex 2013/11/07  (rcs-revision 1.40)
\pgfarrowsep=\dimen145
)
(/usr/share/texlive/texmf-dist/tex/latex/tex/generic/basiclayer/pgfcoreshade.co
de.tex
File: pgfcoreshade.code.tex 2013/07/15  (rcs-revision 1.15)
\pgf@max=\dimen146
\pgf@sys@shading@range@num=\count101
)
(/usr/share/texlive/texmf-dist/tex/latex/tex/generic/basiclayer/pgfcoreimage.co
de.tex
File: pgfcoreimage.code.tex 2013/07/15  (rcs-revision 1.18)

(/usr/share/texlive/texmf-dist/tex/latex/tex/generic/basiclayer/pgfcoreexternal
.code.tex
File: pgfcoreexternal.code.tex 2013/07/15  (rcs-revision 1.20)
\pgfexternal@startupbox=\box32
))
(/usr/share/texlive/texmf-dist/tex/latex/tex/generic/basiclayer/pgfcorelayers.c
ode.tex
File: pgfcorelayers.code.tex 2013/07/18  (rcs-revision 1.7)
)
(/usr/share/texlive/texmf-dist/tex/latex/tex/generic/basiclayer/pgfcoretranspar
ency.code.tex
File: pgfcoretransparency.code.tex 2013/09/30  (rcs-revision 1.5)
)
(/usr/share/texlive/texmf-dist/tex/latex/tex/generic/basiclayer/pgfcorepatterns
.code.tex
File: pgfcorepatterns.code.tex 2013/11/07  (rcs-revision 1.5)
)))
(/usr/share/texlive/texmf-dist/tex/latex/tex/generic/modules/pgfmoduleshapes.co
de.tex
File: pgfmoduleshapes.code.tex 2013/10/31  (rcs-revision 1.34)
\pgfnodeparttextbox=\box33
)
(/usr/share/texlive/texmf-dist/tex/latex/tex/generic/modules/pgfmoduleplot.code
.tex
File: pgfmoduleplot.code.tex 2013/07/31  (rcs-revision 1.12)
) (/usr/share/texmf/tex/latex/pgf/compatibility/pgfcomp-version-0-65.sty
Package: pgfcomp-version-0-65 2007/07/03 v3.0.0 (rcs-revision 1.7)
\pgf@nodesepstart=\dimen147
\pgf@nodesepend=\dimen148
)
(/usr/share/texmf/tex/latex/pgf/compatibility/pgfcomp-version-1-18.sty
Package: pgfcomp-version-1-18 2007/07/23 v3.0.0 (rcs-revision 1.1)
))
(/usr/share/texmf/tex/latex/pgf/utilities/pgffor.sty
(/usr/share/texmf/tex/latex/pgf/utilities/pgfkeys.sty
(/usr/share/texlive/texmf-dist/tex/latex/tex/generic/utilities/pgfkeys.code.tex
))
(/usr/share/texlive/texmf-dist/tex/latex/tex/generic/utilities/pgffor.code.tex
Package: pgffor 2013/12/13 v3.0.0 (rcs-revision 1.25)

(/usr/share/texlive/texmf-dist/tex/latex/tex/generic/math/pgfmath.code.tex)
\pgffor@iter=\dimen149
\pgffor@skip=\dimen150
\pgffor@stack=\toks30
\pgffor@toks=\toks31
))
(/usr/share/texmf/tex/latex/pgf/frontendlayer/tikz.code.tex
Package: tikz 2010/10/13 v3.0.0 (rcs-revision 1.76)

(/usr/share/texlive/texmf-dist/tex/latex/tex/generic/libraries/pgflibraryplotha
ndlers.code.tex
File: pgflibraryplothandlers.code.tex 2013/08/31 v3.0.0 (rcs-revision 1.20)
\pgf@plot@mark@count=\count102
\pgfplotmarksize=\dimen151
)
\tikz@lastx=\dimen152
\tikz@lasty=\dimen153
\tikz@lastxsaved=\dimen154
\tikz@lastysaved=\dimen155
\tikzleveldistance=\dimen156
\tikzsiblingdistance=\dimen157
\tikz@figbox=\box34
\tikz@tempbox=\box35
\tikztreelevel=\count103
\tikznumberofchildren=\count104
\tikznumberofcurrentchild=\count105
\tikz@fig@count=\count106

(/usr/share/texlive/texmf-dist/tex/latex/tex/generic/modules/pgfmodulematrix.co
de.tex
File: pgfmodulematrix.code.tex 2013/09/17  (rcs-revision 1.8)
\pgfmatrixcurrentrow=\count107
\pgfmatrixcurrentcolumn=\count108
\pgf@matrix@numberofcolumns=\count109
)
\tikz@expandcount=\count110

(/usr/share/texlive/texmf-dist/tex/latex/tex/generic/frontendlayer/libraries/ti
kzlibrarytopaths.code.tex
File: tikzlibrarytopaths.code.tex 2008/06/17 v3.0.0 (rcs-revision 1.2)
)))
(/usr/share/texlive/texmf-dist/tex/generic/ulem/ulem.sty
\UL@box=\box36
\UL@hyphenbox=\box37
\UL@skip=\skip91
\UL@hook=\toks32
\UL@height=\dimen158
\UL@pe=\count111
\UL@pixel=\dimen159
\ULC@box=\box38
Package: ulem 2012/05/18
\ULdepth=\dimen160
)
(/usr/share/texlive/texmf-dist/tex/latex/tex/generic/frontendlayer/libraries/ti
kzlibraryshapes.geometric.code.tex
File: tikzlibraryshapes.geometric.code.tex 2008/01/09 v3.0.0 (rcs-revision 1.1)


(/usr/share/texlive/texmf-dist/tex/latex/tex/generic/libraries/shapes/pgflibrar
yshapes.geometric.code.tex
File: pgflibraryshapes.geometric.code.tex 2008/06/26 v3.0.0 (rcs-revision 1.1)
))
(/usr/share/texlive/texmf-dist/tex/latex/tex/generic/frontendlayer/libraries/ti
kzlibraryarrows.code.tex
File: tikzlibraryarrows.code.tex 2008/01/09 v3.0.0 (rcs-revision 1.1)

(/usr/share/texlive/texmf-dist/tex/latex/tex/generic/libraries/pgflibraryarrows
.code.tex
File: pgflibraryarrows.code.tex 2013/09/23 v3.0.0 (rcs-revision 1.16)
\arrowsize=\dimen161
))
(/usr/share/texlive/texmf-dist/tex/latex/tex/generic/frontendlayer/libraries/ti
kzlibraryfit.code.tex
File: tikzlibraryfit.code.tex 2013/07/12 v3.0.0 (rcs-revision 1.5)
))
(/usr/share/texlive/texmf-dist/tex/latex/minted/minted.sty
Package: minted 2011/09/17 v1.7 Yet another Pygments shim for LaTeX

(/usr/share/texlive/texmf-dist/tex/latex/fancyvrb/fancyvrb.sty
Package: fancyvrb 2008/02/07

Style option: `fancyvrb' v2.7a, with DG/SPQR fixes, and firstline=lastline fix 
<2008/02/07> (tvz)
\FV@CodeLineNo=\count112
\FV@InFile=\read2
\FV@TabBox=\box39
\c@FancyVerbLine=\count113
\FV@StepNumber=\count114
\FV@OutFile=\write4
) (/usr/share/texlive/texmf-dist/tex/latex/float/float.sty
Package: float 2001/11/08 v1.3d Float enhancements (AL)
\c@float@type=\count115
\float@exts=\toks33
\float@box=\box40
\@float@everytoks=\toks34
\@floatcapt=\box41
)
(/usr/share/texlive/texmf-dist/tex/latex/base/ifthen.sty
Package: ifthen 2001/05/26 v1.1c Standard LaTeX ifthen package (DPC)
)
(/usr/share/texlive/texmf-dist/tex/latex/tools/calc.sty
Package: calc 2007/08/22 v4.3 Infix arithmetic (KKT,FJ)
\calc@Acount=\count116
\calc@Bcount=\count117
\calc@Adimen=\dimen162
\calc@Bdimen=\dimen163
\calc@Askip=\skip92
\calc@Bskip=\skip93
LaTeX Info: Redefining \setlength on input line 76.
LaTeX Info: Redefining \addtolength on input line 77.
\calc@Ccount=\count118
\calc@Cskip=\skip94
)
(/usr/share/texlive/texmf-dist/tex/latex/ifplatform/ifplatform.sty
Package: ifplatform 2010/10/22 v0.4 Testing for the operating system

(/usr/share/texlive/texmf-dist/tex/generic/oberdiek/pdftexcmds.sty
Package: pdftexcmds 2011/11/29 v0.20 Utility functions of pdfTeX for LuaTeX (HO
)

(/usr/share/texlive/texmf-dist/tex/generic/oberdiek/ifluatex.sty
Package: ifluatex 2010/03/01 v1.3 Provides the ifluatex switch (HO)
Package ifluatex Info: LuaTeX not detected.
)
(/usr/share/texlive/texmf-dist/tex/generic/oberdiek/ifpdf.sty
Package: ifpdf 2011/01/30 v2.3 Provides the ifpdf switch (HO)
Package ifpdf Info: pdfTeX in PDF mode is detected.
)
Package pdftexcmds Info: LuaTeX not detected.
Package pdftexcmds Info: \pdf@primitive is available.
Package pdftexcmds Info: \pdf@ifprimitive is available.
Package pdftexcmds Info: \pdfdraftmode found.
)
(/usr/share/texlive/texmf-dist/tex/generic/oberdiek/catchfile.sty
Package: catchfile 2011/03/01 v1.6 Catch the contents of a file (HO)

(/usr/share/texlive/texmf-dist/tex/generic/oberdiek/etexcmds.sty
Package: etexcmds 2011/02/16 v1.5 Avoid name clashes with e-TeX commands (HO)
Package etexcmds Info: Could not find \expanded.
(etexcmds)             That can mean that you are not using pdfTeX 1.50 or
(etexcmds)             that some package has redefined \expanded.
(etexcmds)             In the latter case, load this package earlier.
))
runsystem(uname -s > "main.w18")...executed.

 (./main.w18)
runsystem(rm -- "main.w18")...executed.

)
\minted@bgbox=\box42
\minted@code=\write5
\@float@every@listing=\toks35
\c@listing=\count119
)
runsystem(which pygmentize && touch main.aex)...executed.

runsystem(rm main.aex)...executed.

 (/usr/share/texlive/texmf-dist/tex/latex/pdfpages/pdfpages.sty
Package: pdfpages 2013/08/25 v0.4v Insert pages of external PDF documents (AM)

(/usr/share/texlive/texmf-dist/tex/latex/eso-pic/eso-pic.sty
Package: eso-pic 2013/10/06 v2.0d eso-pic (RN)

(/usr/share/texlive/texmf-dist/tex/generic/oberdiek/atbegshi.sty
Package: atbegshi 2011/10/05 v1.16 At begin shipout hook (HO)
))
(/usr/share/texlive/texmf-dist/tex/latex/pdfpages/pppdftex.def
File: pppdftex.def 2013/08/25 v0.4v Pdfpages driver for pdfTeX (AM)
)
\AM@pagebox=\box43
\AM@toc@title=\toks36
\c@AM@survey=\count120
\AM@templatesizebox=\box44
)
(/usr/share/texlive/texmf-dist/tex/latex/anyfontsize/anyfontsize.sty
Package: anyfontsize 2007/11/22 anyfontsize.sty by pts
)
(/usr/share/texlive/texmf-dist/tex/latex/tex/latex/frontendlayer/wallpaper/wall
paper.sty
Package: wallpaper 2005/01/18, v1.01 easy wallpaper formatting (MHFW)
\wpXoffset=\skip95
\wpYoffset=\skip96
\tileXoffset=\skip97
\tileYoffset=\skip98
\tilewidth=\skip99
\tileheight=\skip100
\tileX=\skip101
\tileY=\skip102
) (/usr/share/texlive/texmf-dist/tex/latex/caption/caption.sty
Package: caption 2013/05/02 v3.3-89 Customizing captions (AR)

(/usr/share/texlive/texmf-dist/tex/latex/caption/caption3.sty
Package: caption3 2013/05/02 v1.6-88 caption3 kernel (AR)
Package caption3 Info: TeX engine: e-TeX on input line 57.
\captionmargin=\dimen164
\captionmargin@=\dimen165
\captionwidth=\dimen166
\caption@tempdima=\dimen167
\caption@indent=\dimen168
\caption@parindent=\dimen169
\caption@hangindent=\dimen170
)
\c@ContinuedFloat=\count121
Package caption Info: float package is loaded.
)
(/usr/share/texlive/texmf-dist/tex/latex/geometry/geometry.sty
Package: geometry 2010/09/12 v5.6 Page Geometry

(/usr/share/texlive/texmf-dist/tex/generic/oberdiek/ifvtex.sty
Package: ifvtex 2010/03/01 v1.5 Detect VTeX and its facilities (HO)
Package ifvtex Info: VTeX not detected.
)
(/usr/share/texlive/texmf-dist/tex/generic/ifxetex/ifxetex.sty
Package: ifxetex 2010/09/12 v0.6 Provides ifxetex conditional
)
\Gm@cnth=\count122
\Gm@cntv=\count123
\c@Gm@tempcnt=\count124
\Gm@bindingoffset=\dimen171
\Gm@wd@mp=\dimen172
\Gm@odd@mp=\dimen173
\Gm@even@mp=\dimen174
\Gm@layoutwidth=\dimen175
\Gm@layoutheight=\dimen176
\Gm@layouthoffset=\dimen177
\Gm@layoutvoffset=\dimen178
\Gm@dimlist=\toks37
)
(/usr/share/texlive/texmf-dist/tex/latex/hyperref/hyperref.sty
Package: hyperref 2012/11/06 v6.83m Hypertext links for LaTeX

(/usr/share/texlive/texmf-dist/tex/generic/oberdiek/hobsub-hyperref.sty
Package: hobsub-hyperref 2012/05/28 v1.13 Bundle oberdiek, subset hyperref (HO)


(/usr/share/texlive/texmf-dist/tex/generic/oberdiek/hobsub-generic.sty
Package: hobsub-generic 2012/05/28 v1.13 Bundle oberdiek, subset generic (HO)
Package: hobsub 2012/05/28 v1.13 Construct package bundles (HO)
Package hobsub Info: Skipping package `infwarerr' (already loaded).
Package hobsub Info: Skipping package `ltxcmds' (already loaded).
Package hobsub Info: Skipping package `ifluatex' (already loaded).
Package hobsub Info: Skipping package `ifvtex' (already loaded).
Package: intcalc 2007/09/27 v1.1 Expandable calculations with integers (HO)
Package hobsub Info: Skipping package `ifpdf' (already loaded).
Package hobsub Info: Skipping package `etexcmds' (already loaded).
Package: kvsetkeys 2012/04/25 v1.16 Key value parser (HO)
Package: kvdefinekeys 2011/04/07 v1.3 Define keys (HO)
Package hobsub Info: Skipping package `pdftexcmds' (already loaded).
Package: pdfescape 2011/11/25 v1.13 Implements pdfTeX's escape features (HO)
Package: bigintcalc 2012/04/08 v1.3 Expandable calculations on big integers (HO
)
Package: bitset 2011/01/30 v1.1 Handle bit-vector datatype (HO)
Package: uniquecounter 2011/01/30 v1.2 Provide unlimited unique counter (HO)
)
Package hobsub Info: Skipping package `hobsub' (already loaded).
Package: letltxmacro 2010/09/02 v1.4 Let assignment for LaTeX macros (HO)
Package: hopatch 2012/05/28 v1.2 Wrapper for package hooks (HO)
Package: xcolor-patch 2011/01/30 xcolor patch
Package: atveryend 2011/06/30 v1.8 Hooks at the very end of document (HO)
Package atveryend Info: \enddocument detected (standard20110627).
Package hobsub Info: Skipping package `atbegshi' (already loaded).
Package: refcount 2011/10/16 v3.4 Data extraction from label references (HO)
Package: hycolor 2011/01/30 v1.7 Color options for hyperref/bookmark (HO)
)
(/usr/share/texlive/texmf-dist/tex/latex/oberdiek/auxhook.sty
Package: auxhook 2011/03/04 v1.3 Hooks for auxiliary files (HO)
)
(/usr/share/texlive/texmf-dist/tex/latex/oberdiek/kvoptions.sty
Package: kvoptions 2011/06/30 v3.11 Key value format for package options (HO)
)
\@linkdim=\dimen179
\Hy@linkcounter=\count125
\Hy@pagecounter=\count126

(/usr/share/texlive/texmf-dist/tex/latex/hyperref/pd1enc.def
File: pd1enc.def 2012/11/06 v6.83m Hyperref: PDFDocEncoding definition (HO)
Now handling font encoding PD1 ...
... no UTF-8 mapping file for font encoding PD1
)
\Hy@SavedSpaceFactor=\count127

(/usr/share/texlive/texmf-dist/tex/latex/latexconfig/hyperref.cfg
File: hyperref.cfg 2002/06/06 v1.2 hyperref configuration of TeXLive
)
Package hyperref Info: Option `colorlinks' set `true' on input line 4319.
Package hyperref Info: Hyper figures OFF on input line 4443.
Package hyperref Info: Link nesting OFF on input line 4448.
Package hyperref Info: Hyper index ON on input line 4451.
Package hyperref Info: Plain pages OFF on input line 4458.
Package hyperref Info: Backreferencing OFF on input line 4463.
Package hyperref Info: Implicit mode ON; LaTeX internals redefined.
Package hyperref Info: Bookmarks ON on input line 4688.
\c@Hy@tempcnt=\count128

(/usr/share/texlive/texmf-dist/tex/latex/url/url.sty
\Urlmuskip=\muskip10
Package: url 2013/09/16  ver 3.4  Verb mode for urls, etc.
)
LaTeX Info: Redefining \url on input line 5041.
\XeTeXLinkMargin=\dimen180
\Fld@menulength=\count129
\Field@Width=\dimen181
\Fld@charsize=\dimen182
Package hyperref Info: Hyper figures OFF on input line 6295.
Package hyperref Info: Link nesting OFF on input line 6300.
Package hyperref Info: Hyper index ON on input line 6303.
Package hyperref Info: backreferencing OFF on input line 6310.
Package hyperref Info: Link coloring ON on input line 6313.
Package hyperref Info: Link coloring with OCG OFF on input line 6320.
Package hyperref Info: PDF/A mode OFF on input line 6325.
LaTeX Info: Redefining \ref on input line 6365.
LaTeX Info: Redefining \pageref on input line 6369.
\Hy@abspage=\count130
\c@Item=\count131
\c@Hfootnote=\count132
)

Package hyperref Message: Driver (autodetected): hpdftex.

(/usr/share/texlive/texmf-dist/tex/latex/hyperref/hpdftex.def
File: hpdftex.def 2012/11/06 v6.83m Hyperref driver for pdfTeX
\Fld@listcount=\count133
\c@bookmark@seq@number=\count134

(/usr/share/texlive/texmf-dist/tex/latex/oberdiek/rerunfilecheck.sty
Package: rerunfilecheck 2011/04/15 v1.7 Rerun checks for auxiliary files (HO)
Package uniquecounter Info: New unique counter `rerunfilecheck' on input line 2
82.
)
\Hy@SectionHShift=\skip103
)
(./main.aux (./portada/portada.aux) (./temas/tema1.aux) (./temas/tema2.aux)
(./temas/tema3.aux) (./temas/tema4.aux) (./temas/javadoc.aux

LaTeX Warning: Label `doc:cliente' multiply defined.


LaTeX Warning: Label `doc:guicliente' multiply defined.


LaTeX Warning: Label `doc:guicliente' multiply defined.


LaTeX Warning: Label `doc:elegircarpetaremota' multiply defined.


LaTeX Warning: Label `doc:elegircarpetaremota' multiply defined.


LaTeX Warning: Label `doc:proxy' multiply defined.


LaTeX Warning: Label `doc:proxy' multiply defined.


LaTeX Warning: Label `doc:servidor' multiply defined.


LaTeX Warning: Label `doc:servidor' multiply defined.


LaTeX Warning: Label `doc:servidor' multiply defined.


LaTeX Warning: Label `doc:respuestaservidor' multiply defined.


LaTeX Warning: Label `doc:reloj' multiply defined.

))
\openout1 = `main.aux'.

LaTeX Font Info:    Checking defaults for OML/cmm/m/it on input line 89.
LaTeX Font Info:    ... okay on input line 89.
LaTeX Font Info:    Checking defaults for T1/cmr/m/n on input line 89.
LaTeX Font Info:    ... okay on input line 89.
LaTeX Font Info:    Checking defaults for OT1/cmr/m/n on input line 89.
LaTeX Font Info:    ... okay on input line 89.
LaTeX Font Info:    Checking defaults for OMS/cmsy/m/n on input line 89.
LaTeX Font Info:    ... okay on input line 89.
LaTeX Font Info:    Checking defaults for OMX/cmex/m/n on input line 89.
LaTeX Font Info:    ... okay on input line 89.
LaTeX Font Info:    Checking defaults for U/cmr/m/n on input line 89.
LaTeX Font Info:    ... okay on input line 89.
LaTeX Font Info:    Checking defaults for PD1/pdf/m/n on input line 89.
LaTeX Font Info:    ... okay on input line 89.
 (/usr/share/texlive/texmf-dist/tex/context/base/supp-pdf.mkii
[Loading MPS to PDF converter (version 2006.09.02).]
\scratchcounter=\count135
\scratchdimen=\dimen183
\scratchbox=\box45
\nofMPsegments=\count136
\nofMParguments=\count137
\everyMPshowfont=\toks38
\MPscratchCnt=\count138
\MPscratchDim=\dimen184
\MPnumerator=\count139
\makeMPintoPDFobject=\count140
\everyMPtoPDFconversion=\toks39
) ABD: EveryShipout initializing macros
(/usr/share/texlive/texmf-dist/tex/latex/oberdiek/epstopdf-base.sty
Package: epstopdf-base 2010/02/09 v2.5 Base part for package epstopdf

(/usr/share/texlive/texmf-dist/tex/latex/oberdiek/grfext.sty
Package: grfext 2010/08/19 v1.1 Manage graphics extensions (HO)
)
Package grfext Info: Graphics extension search list:
(grfext)             [.png,.pdf,.jpg,.mps,.jpeg,.jbig2,.jb2,.PNG,.PDF,.JPG,.JPE
G,.JBIG2,.JB2,.eps]
(grfext)             \AppendGraphicsExtensions on input line 452.

(/usr/share/texlive/texmf-dist/tex/latex/latexconfig/epstopdf-sys.cfg
File: epstopdf-sys.cfg 2010/07/13 v1.3 Configuration of (r)epstopdf for TeX Liv
e
))
runsystem(pygmentize -S default -f latex > main.pyg)...executed.


(./main.pyg)
\AtBeginShipoutBox=\box46
Package caption Info: Begin \AtBeginDocument code.
Package caption Info: hyperref package is loaded.
Package caption Info: End \AtBeginDocument code.

*geometry* driver: auto-detecting
*geometry* detected driver: pdftex
*geometry* verbose mode - [ preamble ] result:
* driver: pdftex
* paper: a4paper
* layout: <same size as paper>
* layoutoffset:(h,v)=(0.0pt,0.0pt)
* modes: twoside 
* h-part:(L,W,R)=(56.9055pt, 483.69687pt, 56.9055pt)
* v-part:(T,H,B)=(56.9055pt, 731.23584pt, 56.9055pt)
* \paperwidth=597.50787pt
* \paperheight=845.04684pt
* \textwidth=483.69687pt
* \textheight=731.23584pt
* \oddsidemargin=-15.36449pt
* \evensidemargin=-15.36449pt
* \topmargin=-52.36449pt
* \headheight=12.0pt
* \headsep=25.0pt
* \topskip=10.0pt
* \footskip=30.0pt
* \marginparwidth=111.0pt
* \marginparsep=11.0pt
* \columnsep=10.0pt
* \skip\footins=9.0pt plus 4.0pt minus 2.0pt
* \hoffset=0.0pt
* \voffset=0.0pt
* \mag=1000
* \@twocolumnfalse
* \@twosidetrue
* \@mparswitchtrue
* \@reversemarginfalse
* (1in=72.27pt=25.4mm, 1cm=28.453pt)

Package hyperref Info: Link coloring ON on input line 89.
(/usr/share/texlive/texmf-dist/tex/latex/hyperref/nameref.sty
Package: nameref 2012/10/27 v2.43 Cross-referencing by name of section

(/usr/share/texlive/texmf-dist/tex/generic/oberdiek/gettitlestring.sty
Package: gettitlestring 2010/12/03 v1.4 Cleanup title references (HO)
)
\c@section@level=\count141
)
LaTeX Info: Redefining \ref on input line 89.
LaTeX Info: Redefining \pageref on input line 89.
LaTeX Info: Redefining \nameref on input line 89.

(./main.out) (./main.out)
\@outlinefile=\write6
\openout6 = `main.out'.

\openout2 = `portada/portada.aux'.

 (./portada/portada.tex
Overfull \hbox (28.45273pt too wide) in paragraph at lines 11--11
 [] 
 []


Overfull \hbox (28.45273pt too wide) in paragraph at lines 13--13
 [][] 
 []

) <portada/wallpaper.jpg, id=123, 177.3024pt x 176.8206pt>
File: portada/wallpaper.jpg Graphic file (type jpg)

<use portada/wallpaper.jpg>
Package pdftex.def Info: portada/wallpaper.jpg used on input line 92.
(pdftex.def)             Requested size: 597.68253pt x 845.08136pt.
 [1


{/var/lib/texmf/fonts/map/pdftex/updmap/pdftex.map} <./portada/wallpaper.jpg>]p
dfTeX warning (ext4): destination with the same identifier (name{page.1}) has b
een already used, duplicate ignored
<to be read again> 
                   \relax 
l.96 	\end{abstract}
                     [1

] (./main.toc
LaTeX Font Info:    External font `cmex10' loaded for size
(Font)              <7> on input line 1.
LaTeX Font Info:    External font `cmex10' loaded for size
(Font)              <5> on input line 1.
)
\tf@toc=\write7
\openout7 = `main.toc'.

 [2]
\openout2 = `temas/tema1.aux'.

 (./temas/tema1.tex
Cap\IeC {\'\i }tulo 1.

Underfull \hbox (badness 10000) in paragraph at lines 2--3

 []

LaTeX Font Info:    Try loading font information for OMS+cmr on input line 4.
(/usr/share/texlive/texmf-dist/tex/latex/base/omscmr.fd
File: omscmr.fd 1999/05/25 v2.5h Standard LaTeX font definitions
)
LaTeX Font Info:    Font shape `OMS/cmr/m/n' in size <10> not available
(Font)              Font shape `OMS/cmsy/m/n' tried instead on input line 4.
 [3


]
runsystem(pygmentize -l RobotFramework -f latex -F tokenmerge             -P "v
erboptions= " -o main.out.pyg /home/juan/IdeaProjects/ficherormi/target/classes
/server.policy)...executed.

 (./main.out.pyg)
runsystem(rm main.out.pyg)...executed.


Underfull \hbox (badness 10000) in paragraph at lines 29--31

 []

)

Package Fancyhdr Warning: \headheight is too small (12.0pt): 
 Make it at least 13.07225pt.
 We now make it that large for the rest of the document.
 This may cause the page layout to be inconsistent, however.

[4]
\openout2 = `temas/tema2.aux'.

 (./temas/tema2.tex
Cap\IeC {\'\i }tulo 2.
[5



]) [6]
\openout2 = `temas/tema3.aux'.

 (./temas/tema3.tex
Cap\IeC {\'\i }tulo 3.

Underfull \hbox (badness 1314) in paragraph at lines 13--13
[]|\OT1/cmr/m/n/10 descargarFichero(java.lang.String name, int
 []


Underfull \hbox (badness 10000) in paragraph at lines 18--18
[]|\OT1/cmr/m/n/10 modificaCarpetaServidor(java.lang.String
 []


Underfull \hbox (badness 7522) in paragraph at lines 19--19
[]|\OT1/cmr/m/n/10 subirFichero(java.lang.String name, byte[]
 []

) [7



]
\openout2 = `temas/tema4.aux'.

 (./temas/tema4.tex
Cap\IeC {\'\i }tulo 4.
<imagenes/elegir_ip.png, id=204, 400.49625pt x 118.4425pt>
File: imagenes/elegir_ip.png Graphic file (type png)

<use imagenes/elegir_ip.png>
Package pdftex.def Info: imagenes/elegir_ip.png used on input line 9.
(pdftex.def)             Requested size: 400.49527pt x 118.4422pt.

<imagenes/main_gui.png, id=207, 702.625pt x 401.5pt>
File: imagenes/main_gui.png Graphic file (type png)

<use imagenes/main_gui.png>
Package pdftex.def Info: imagenes/main_gui.png used on input line 26.
(pdftex.def)             Requested size: 491.83414pt x 281.04808pt.

Overfull \hbox (8.13727pt too wide) in paragraph at lines 26--27
 [][] 
 []

[8



 <./imagenes/elegir_ip.png>]
<imagenes/remote_folder_gui.png, id=216, 499.8675pt x 302.12875pt>
File: imagenes/remote_folder_gui.png Graphic file (type png)

<use imagenes/remote_folder_gui.png>
Package pdftex.def Info: imagenes/remote_folder_gui.png used on input line 53.
(pdftex.def)             Requested size: 349.90486pt x 211.48868pt.
)

Package Fancyhdr Warning: \headheight is too small (12.0pt): 
 Make it at least 13.07225pt.
 We now make it that large for the rest of the document.
 This may cause the page layout to be inconsistent, however.

[9 <./imagenes/main_gui.png> <./imagenes/remote_folder_gui.png>]

Package Fancyhdr Warning: \headheight is too small (12.0pt): 
 Make it at least 13.07225pt.
 We now make it that large for the rest of the document.
 This may cause the page layout to be inconsistent, however.

[10]
\openout2 = `temas/javadoc.aux'.

 (./temas/javadoc.tex
Ap\IeC {\'e}ndice A.

Underfull \hbox (badness 10000) in paragraph at lines 4--24

 []

<javadoc/Cliente.pdf, id=229, 597.23125pt x 845.1575pt>
File: javadoc/Cliente.pdf Graphic file (type pdf)

<use javadoc/Cliente.pdf>
Package pdftex.def Info: javadoc/Cliente.pdf used on input line 28.
(pdftex.def)             Requested size: 597.22978pt x 845.15544pt.
File: javadoc/Cliente.pdf Graphic file (type pdf)
 <use javadoc/Cliente.pdf>
Package pdftex.def Info: javadoc/Cliente.pdf used on input line 28.
(pdftex.def)             Requested size: 597.22978pt x 845.15544pt.
 [11



]
<javadoc/Cliente.pdf, id=237, page=1, 597.23125pt x 845.1575pt>
File: javadoc/Cliente.pdf Graphic file (type pdf)

<use javadoc/Cliente.pdf, page 1>
Package pdftex.def Info: javadoc/Cliente.pdf, page1 used on input line 28.
(pdftex.def)             Requested size: 597.22978pt x 845.15544pt.
File: javadoc/Cliente.pdf Graphic file (type pdf)
 <use javadoc/Cliente.pdf, page 1>
Package pdftex.def Info: javadoc/Cliente.pdf, page1 used on input line 28.
(pdftex.def)             Requested size: 537.50316pt x 760.63474pt.
File: javadoc/Cliente.pdf Graphic file (type pdf)

<use javadoc/Cliente.pdf, page 1>
Package pdftex.def Info: javadoc/Cliente.pdf, page1 used on input line 28.
(pdftex.def)             Requested size: 537.50316pt x 760.63474pt.
File: javadoc/Cliente.pdf Graphic file (type pdf)
 <use javadoc/Cliente.pdf, page 1>
Package pdftex.def Info: javadoc/Cliente.pdf, page1 used on input line 28.
(pdftex.def)             Requested size: 537.50316pt x 760.63474pt.


Package Fancyhdr Warning: \headheight is too small (12.0pt): 
 Make it at least 13.07225pt.
 We now make it that large for the rest of the document.
 This may cause the page layout to be inconsistent, however.

File: javadoc/Cliente.pdf Graphic file (type pdf)
<use javadoc/Cliente.pdf, page 1>
Package pdftex.def Info: javadoc/Cliente.pdf, page1 used on input line 28.
(pdftex.def)             Requested size: 537.50316pt x 760.63474pt.
 [12 <./javadoc/Cliente.pdf>]
<javadoc/Cliente.pdf, id=284, page=2, 597.23125pt x 845.1575pt>
File: javadoc/Cliente.pdf Graphic file (type pdf)

<use javadoc/Cliente.pdf, page 2>
Package pdftex.def Info: javadoc/Cliente.pdf, page2 used on input line 28.
(pdftex.def)             Requested size: 537.50316pt x 760.63474pt.
File: javadoc/Cliente.pdf Graphic file (type pdf)
 <use javadoc/Cliente.pdf, page 2>
Package pdftex.def Info: javadoc/Cliente.pdf, page2 used on input line 28.
(pdftex.def)             Requested size: 537.50316pt x 760.63474pt.


Package Fancyhdr Warning: \headheight is too small (12.0pt): 
 Make it at least 13.07225pt.
 We now make it that large for the rest of the document.
 This may cause the page layout to be inconsistent, however.

File: javadoc/Cliente.pdf Graphic file (type pdf)
<use javadoc/Cliente.pdf, page 2>
Package pdftex.def Info: javadoc/Cliente.pdf, page2 used on input line 28.
(pdftex.def)             Requested size: 537.50316pt x 760.63474pt.
 [13 <./javadoc/Cliente.pdf>]
<javadoc/GuiCliente.pdf, id=291, 597.23125pt x 845.1575pt>
File: javadoc/GuiCliente.pdf Graphic file (type pdf)

<use javadoc/GuiCliente.pdf>
Package pdftex.def Info: javadoc/GuiCliente.pdf used on input line 29.
(pdftex.def)             Requested size: 597.22978pt x 845.15544pt.
File: javadoc/GuiCliente.pdf Graphic file (type pdf)
 <use javadoc/GuiCliente.pdf>
Package pdftex.def Info: javadoc/GuiCliente.pdf used on input line 29.
(pdftex.def)             Requested size: 597.22978pt x 845.15544pt.

<javadoc/GuiCliente.pdf, id=294, page=1, 597.23125pt x 845.1575pt>
File: javadoc/GuiCliente.pdf Graphic file (type pdf)

<use javadoc/GuiCliente.pdf, page 1>
Package pdftex.def Info: javadoc/GuiCliente.pdf, page1 used on input line 29.
(pdftex.def)             Requested size: 597.22978pt x 845.15544pt.
File: javadoc/GuiCliente.pdf Graphic file (type pdf)
 <use javadoc/GuiCliente.pdf, page 1>
Package pdftex.def Info: javadoc/GuiCliente.pdf, page1 used on input line 29.
(pdftex.def)             Requested size: 537.50316pt x 760.63474pt.
File: javadoc/GuiCliente.pdf Graphic file (type pdf)

<use javadoc/GuiCliente.pdf, page 1>
Package pdftex.def Info: javadoc/GuiCliente.pdf, page1 used on input line 29.
(pdftex.def)             Requested size: 537.50316pt x 760.63474pt.
File: javadoc/GuiCliente.pdf Graphic file (type pdf)
 <use javadoc/GuiCliente.pdf, page 1>
Package pdftex.def Info: javadoc/GuiCliente.pdf, page1 used on input line 29.
(pdftex.def)             Requested size: 537.50316pt x 760.63474pt.


Package Fancyhdr Warning: \headheight is too small (12.0pt): 
 Make it at least 13.07225pt.
 We now make it that large for the rest of the document.
 This may cause the page layout to be inconsistent, however.

File: javadoc/GuiCliente.pdf Graphic file (type pdf)
<use javadoc/GuiCliente.pdf, page 1>
Package pdftex.def Info: javadoc/GuiCliente.pdf, page1 used on input line 29.
(pdftex.def)             Requested size: 537.50316pt x 760.63474pt.
 [14 <./javadoc/GuiCliente.pdf>]
<javadoc/GuiCliente.pdf, id=333, page=2, 597.23125pt x 845.1575pt>
File: javadoc/GuiCliente.pdf Graphic file (type pdf)

<use javadoc/GuiCliente.pdf, page 2>
Package pdftex.def Info: javadoc/GuiCliente.pdf, page2 used on input line 29.
(pdftex.def)             Requested size: 537.50316pt x 760.63474pt.
File: javadoc/GuiCliente.pdf Graphic file (type pdf)
 <use javadoc/GuiCliente.pdf, page 2>
Package pdftex.def Info: javadoc/GuiCliente.pdf, page2 used on input line 29.
(pdftex.def)             Requested size: 537.50316pt x 760.63474pt.


Package Fancyhdr Warning: \headheight is too small (12.0pt): 
 Make it at least 13.07225pt.
 We now make it that large for the rest of the document.
 This may cause the page layout to be inconsistent, however.

File: javadoc/GuiCliente.pdf Graphic file (type pdf)
<use javadoc/GuiCliente.pdf, page 2>
Package pdftex.def Info: javadoc/GuiCliente.pdf, page2 used on input line 29.
(pdftex.def)             Requested size: 537.50316pt x 760.63474pt.
 [15 <./javadoc/GuiCliente.pdf>]
<javadoc/GuiCliente.pdf, id=342, page=3, 597.23125pt x 845.1575pt>
File: javadoc/GuiCliente.pdf Graphic file (type pdf)

<use javadoc/GuiCliente.pdf, page 3>
Package pdftex.def Info: javadoc/GuiCliente.pdf, page3 used on input line 29.
(pdftex.def)             Requested size: 537.50316pt x 760.63474pt.
File: javadoc/GuiCliente.pdf Graphic file (type pdf)
 <use javadoc/GuiCliente.pdf, page 3>
Package pdftex.def Info: javadoc/GuiCliente.pdf, page3 used on input line 29.
(pdftex.def)             Requested size: 537.50316pt x 760.63474pt.


Package Fancyhdr Warning: \headheight is too small (12.0pt): 
 Make it at least 13.07225pt.
 We now make it that large for the rest of the document.
 This may cause the page layout to be inconsistent, however.

File: javadoc/GuiCliente.pdf Graphic file (type pdf)
<use javadoc/GuiCliente.pdf, page 3>
Package pdftex.def Info: javadoc/GuiCliente.pdf, page3 used on input line 29.
(pdftex.def)             Requested size: 537.50316pt x 760.63474pt.
 [16 <./javadoc/GuiCliente.pdf>]
<javadoc/ElegirCarpetaRemota.pdf, id=349, 597.23125pt x 845.1575pt>
File: javadoc/ElegirCarpetaRemota.pdf Graphic file (type pdf)

<use javadoc/ElegirCarpetaRemota.pdf>
Package pdftex.def Info: javadoc/ElegirCarpetaRemota.pdf used on input line 30.

(pdftex.def)             Requested size: 597.22978pt x 845.15544pt.
File: javadoc/ElegirCarpetaRemota.pdf Graphic file (type pdf)
 <use javadoc/ElegirCarpetaRemota.pdf>
Package pdftex.def Info: javadoc/ElegirCarpetaRemota.pdf used on input line 30.

(pdftex.def)             Requested size: 597.22978pt x 845.15544pt.

<javadoc/ElegirCarpetaRemota.pdf, id=352, page=1, 597.23125pt x 845.1575pt>
File: javadoc/ElegirCarpetaRemota.pdf Graphic file (type pdf)

<use javadoc/ElegirCarpetaRemota.pdf, page 1>
Package pdftex.def Info: javadoc/ElegirCarpetaRemota.pdf, page1 used on input l
ine 30.
(pdftex.def)             Requested size: 597.22978pt x 845.15544pt.
File: javadoc/ElegirCarpetaRemota.pdf Graphic file (type pdf)

<use javadoc/ElegirCarpetaRemota.pdf, page 1>
Package pdftex.def Info: javadoc/ElegirCarpetaRemota.pdf, page1 used on input l
ine 30.
(pdftex.def)             Requested size: 537.50316pt x 760.63474pt.
File: javadoc/ElegirCarpetaRemota.pdf Graphic file (type pdf)

<use javadoc/ElegirCarpetaRemota.pdf, page 1>
Package pdftex.def Info: javadoc/ElegirCarpetaRemota.pdf, page1 used on input l
ine 30.
(pdftex.def)             Requested size: 537.50316pt x 760.63474pt.
File: javadoc/ElegirCarpetaRemota.pdf Graphic file (type pdf)

<use javadoc/ElegirCarpetaRemota.pdf, page 1>
Package pdftex.def Info: javadoc/ElegirCarpetaRemota.pdf, page1 used on input l
ine 30.
(pdftex.def)             Requested size: 537.50316pt x 760.63474pt.


Package Fancyhdr Warning: \headheight is too small (12.0pt): 
 Make it at least 13.07225pt.
 We now make it that large for the rest of the document.
 This may cause the page layout to be inconsistent, however.

File: javadoc/ElegirCarpetaRemota.pdf Graphic file (type pdf)
<use javadoc/ElegirCarpetaRemota.pdf, page 1>
Package pdftex.def Info: javadoc/ElegirCarpetaRemota.pdf, page1 used on input l
ine 30.
(pdftex.def)             Requested size: 537.50316pt x 760.63474pt.
 [17 <./javadoc/ElegirCarpetaRemota.pdf>]
<javadoc/ElegirCarpetaRemota.pdf, id=390, page=2, 597.23125pt x 845.1575pt>
File: javadoc/ElegirCarpetaRemota.pdf Graphic file (type pdf)

<use javadoc/ElegirCarpetaRemota.pdf, page 2>
Package pdftex.def Info: javadoc/ElegirCarpetaRemota.pdf, page2 used on input l
ine 30.
(pdftex.def)             Requested size: 537.50316pt x 760.63474pt.
File: javadoc/ElegirCarpetaRemota.pdf Graphic file (type pdf)

<use javadoc/ElegirCarpetaRemota.pdf, page 2>
Package pdftex.def Info: javadoc/ElegirCarpetaRemota.pdf, page2 used on input l
ine 30.
(pdftex.def)             Requested size: 537.50316pt x 760.63474pt.


Package Fancyhdr Warning: \headheight is too small (12.0pt): 
 Make it at least 13.07225pt.
 We now make it that large for the rest of the document.
 This may cause the page layout to be inconsistent, however.

File: javadoc/ElegirCarpetaRemota.pdf Graphic file (type pdf)
<use javadoc/ElegirCarpetaRemota.pdf, page 2>
Package pdftex.def Info: javadoc/ElegirCarpetaRemota.pdf, page2 used on input l
ine 30.
(pdftex.def)             Requested size: 537.50316pt x 760.63474pt.
 [18 <./javadoc/ElegirCarpetaRemota.pdf>]
<javadoc/ElegirCarpetaRemota.pdf, id=400, page=3, 597.23125pt x 845.1575pt>
File: javadoc/ElegirCarpetaRemota.pdf Graphic file (type pdf)

<use javadoc/ElegirCarpetaRemota.pdf, page 3>
Package pdftex.def Info: javadoc/ElegirCarpetaRemota.pdf, page3 used on input l
ine 30.
(pdftex.def)             Requested size: 537.50316pt x 760.63474pt.
File: javadoc/ElegirCarpetaRemota.pdf Graphic file (type pdf)

<use javadoc/ElegirCarpetaRemota.pdf, page 3>
Package pdftex.def Info: javadoc/ElegirCarpetaRemota.pdf, page3 used on input l
ine 30.
(pdftex.def)             Requested size: 537.50316pt x 760.63474pt.


Package Fancyhdr Warning: \headheight is too small (12.0pt): 
 Make it at least 13.07225pt.
 We now make it that large for the rest of the document.
 This may cause the page layout to be inconsistent, however.

File: javadoc/ElegirCarpetaRemota.pdf Graphic file (type pdf)
<use javadoc/ElegirCarpetaRemota.pdf, page 3>
Package pdftex.def Info: javadoc/ElegirCarpetaRemota.pdf, page3 used on input l
ine 30.
(pdftex.def)             Requested size: 537.50316pt x 760.63474pt.
 [19 <./javadoc/ElegirCarpetaRemota.pdf>] <javadoc/Proxy.pdf, id=407, 597.23125
pt x 845.1575pt>
File: javadoc/Proxy.pdf Graphic file (type pdf)

<use javadoc/Proxy.pdf>
Package pdftex.def Info: javadoc/Proxy.pdf used on input line 31.
(pdftex.def)             Requested size: 597.22978pt x 845.15544pt.
File: javadoc/Proxy.pdf Graphic file (type pdf)
 <use javadoc/Proxy.pdf>
Package pdftex.def Info: javadoc/Proxy.pdf used on input line 31.
(pdftex.def)             Requested size: 597.22978pt x 845.15544pt.

<javadoc/Proxy.pdf, id=410, page=1, 597.23125pt x 845.1575pt>
File: javadoc/Proxy.pdf Graphic file (type pdf)

<use javadoc/Proxy.pdf, page 1>
Package pdftex.def Info: javadoc/Proxy.pdf, page1 used on input line 31.
(pdftex.def)             Requested size: 597.22978pt x 845.15544pt.
File: javadoc/Proxy.pdf Graphic file (type pdf)
 <use javadoc/Proxy.pdf, page 1>
Package pdftex.def Info: javadoc/Proxy.pdf, page1 used on input line 31.
(pdftex.def)             Requested size: 537.50316pt x 760.63474pt.
File: javadoc/Proxy.pdf Graphic file (type pdf)

<use javadoc/Proxy.pdf, page 1>
Package pdftex.def Info: javadoc/Proxy.pdf, page1 used on input line 31.
(pdftex.def)             Requested size: 537.50316pt x 760.63474pt.
File: javadoc/Proxy.pdf Graphic file (type pdf)
 <use javadoc/Proxy.pdf, page 1>
Package pdftex.def Info: javadoc/Proxy.pdf, page1 used on input line 31.
(pdftex.def)             Requested size: 537.50316pt x 760.63474pt.


Package Fancyhdr Warning: \headheight is too small (12.0pt): 
 Make it at least 13.07225pt.
 We now make it that large for the rest of the document.
 This may cause the page layout to be inconsistent, however.

File: javadoc/Proxy.pdf Graphic file (type pdf)
<use javadoc/Proxy.pdf, page 1>
Package pdftex.def Info: javadoc/Proxy.pdf, page1 used on input line 31.
(pdftex.def)             Requested size: 537.50316pt x 760.63474pt.
 [20 <./javadoc/Proxy.pdf>]
<javadoc/Proxy.pdf, id=452, page=2, 597.23125pt x 845.1575pt>
File: javadoc/Proxy.pdf Graphic file (type pdf)

<use javadoc/Proxy.pdf, page 2>
Package pdftex.def Info: javadoc/Proxy.pdf, page2 used on input line 31.
(pdftex.def)             Requested size: 537.50316pt x 760.63474pt.
File: javadoc/Proxy.pdf Graphic file (type pdf)
 <use javadoc/Proxy.pdf, page 2>
Package pdftex.def Info: javadoc/Proxy.pdf, page2 used on input line 31.
(pdftex.def)             Requested size: 537.50316pt x 760.63474pt.


Package Fancyhdr Warning: \headheight is too small (12.0pt): 
 Make it at least 13.07225pt.
 We now make it that large for the rest of the document.
 This may cause the page layout to be inconsistent, however.

File: javadoc/Proxy.pdf Graphic file (type pdf)
<use javadoc/Proxy.pdf, page 2>
Package pdftex.def Info: javadoc/Proxy.pdf, page2 used on input line 31.
(pdftex.def)             Requested size: 537.50316pt x 760.63474pt.
 [21 <./javadoc/Proxy.pdf>]
<javadoc/Proxy.pdf, id=457, page=3, 597.23125pt x 845.1575pt>
File: javadoc/Proxy.pdf Graphic file (type pdf)

<use javadoc/Proxy.pdf, page 3>
Package pdftex.def Info: javadoc/Proxy.pdf, page3 used on input line 31.
(pdftex.def)             Requested size: 537.50316pt x 760.63474pt.
File: javadoc/Proxy.pdf Graphic file (type pdf)
 <use javadoc/Proxy.pdf, page 3>
Package pdftex.def Info: javadoc/Proxy.pdf, page3 used on input line 31.
(pdftex.def)             Requested size: 537.50316pt x 760.63474pt.


Package Fancyhdr Warning: \headheight is too small (12.0pt): 
 Make it at least 13.07225pt.
 We now make it that large for the rest of the document.
 This may cause the page layout to be inconsistent, however.

File: javadoc/Proxy.pdf Graphic file (type pdf)
<use javadoc/Proxy.pdf, page 3>
Package pdftex.def Info: javadoc/Proxy.pdf, page3 used on input line 31.
(pdftex.def)             Requested size: 537.50316pt x 760.63474pt.
 [22 <./javadoc/Proxy.pdf>]
<javadoc/Servidor.pdf, id=464, 597.23125pt x 845.1575pt>
File: javadoc/Servidor.pdf Graphic file (type pdf)

<use javadoc/Servidor.pdf>
Package pdftex.def Info: javadoc/Servidor.pdf used on input line 32.
(pdftex.def)             Requested size: 597.22978pt x 845.15544pt.
File: javadoc/Servidor.pdf Graphic file (type pdf)
 <use javadoc/Servidor.pdf>
Package pdftex.def Info: javadoc/Servidor.pdf used on input line 32.
(pdftex.def)             Requested size: 597.22978pt x 845.15544pt.

<javadoc/Servidor.pdf, id=467, page=1, 597.23125pt x 845.1575pt>
File: javadoc/Servidor.pdf Graphic file (type pdf)

<use javadoc/Servidor.pdf, page 1>
Package pdftex.def Info: javadoc/Servidor.pdf, page1 used on input line 32.
(pdftex.def)             Requested size: 597.22978pt x 845.15544pt.
File: javadoc/Servidor.pdf Graphic file (type pdf)
 <use javadoc/Servidor.pdf, page 1>
Package pdftex.def Info: javadoc/Servidor.pdf, page1 used on input line 32.
(pdftex.def)             Requested size: 537.50316pt x 760.63474pt.
File: javadoc/Servidor.pdf Graphic file (type pdf)

<use javadoc/Servidor.pdf, page 1>
Package pdftex.def Info: javadoc/Servidor.pdf, page1 used on input line 32.
(pdftex.def)             Requested size: 537.50316pt x 760.63474pt.
File: javadoc/Servidor.pdf Graphic file (type pdf)
 <use javadoc/Servidor.pdf, page 1>
Package pdftex.def Info: javadoc/Servidor.pdf, page1 used on input line 32.
(pdftex.def)             Requested size: 537.50316pt x 760.63474pt.


Package Fancyhdr Warning: \headheight is too small (12.0pt): 
 Make it at least 13.07225pt.
 We now make it that large for the rest of the document.
 This may cause the page layout to be inconsistent, however.

File: javadoc/Servidor.pdf Graphic file (type pdf)
<use javadoc/Servidor.pdf, page 1>
Package pdftex.def Info: javadoc/Servidor.pdf, page1 used on input line 32.
(pdftex.def)             Requested size: 537.50316pt x 760.63474pt.
 [23 <./javadoc/Servidor.pdf>]
<javadoc/Servidor.pdf, id=514, page=2, 597.23125pt x 845.1575pt>
File: javadoc/Servidor.pdf Graphic file (type pdf)

<use javadoc/Servidor.pdf, page 2>
Package pdftex.def Info: javadoc/Servidor.pdf, page2 used on input line 32.
(pdftex.def)             Requested size: 537.50316pt x 760.63474pt.
File: javadoc/Servidor.pdf Graphic file (type pdf)
 <use javadoc/Servidor.pdf, page 2>
Package pdftex.def Info: javadoc/Servidor.pdf, page2 used on input line 32.
(pdftex.def)             Requested size: 537.50316pt x 760.63474pt.


Package Fancyhdr Warning: \headheight is too small (12.0pt): 
 Make it at least 13.07225pt.
 We now make it that large for the rest of the document.
 This may cause the page layout to be inconsistent, however.

File: javadoc/Servidor.pdf Graphic file (type pdf)
<use javadoc/Servidor.pdf, page 2>
Package pdftex.def Info: javadoc/Servidor.pdf, page2 used on input line 32.
(pdftex.def)             Requested size: 537.50316pt x 760.63474pt.
 [24 <./javadoc/Servidor.pdf>]
<javadoc/Servidor.pdf, id=520, page=3, 597.23125pt x 845.1575pt>
File: javadoc/Servidor.pdf Graphic file (type pdf)

<use javadoc/Servidor.pdf, page 3>
Package pdftex.def Info: javadoc/Servidor.pdf, page3 used on input line 32.
(pdftex.def)             Requested size: 537.50316pt x 760.63474pt.
File: javadoc/Servidor.pdf Graphic file (type pdf)
 <use javadoc/Servidor.pdf, page 3>
Package pdftex.def Info: javadoc/Servidor.pdf, page3 used on input line 32.
(pdftex.def)             Requested size: 537.50316pt x 760.63474pt.


Package Fancyhdr Warning: \headheight is too small (12.0pt): 
 Make it at least 13.07225pt.
 We now make it that large for the rest of the document.
 This may cause the page layout to be inconsistent, however.

File: javadoc/Servidor.pdf Graphic file (type pdf)
<use javadoc/Servidor.pdf, page 3>
Package pdftex.def Info: javadoc/Servidor.pdf, page3 used on input line 32.
(pdftex.def)             Requested size: 537.50316pt x 760.63474pt.
 [25 <./javadoc/Servidor.pdf>]
<javadoc/Servidor.pdf, id=525, page=4, 597.23125pt x 845.1575pt>
File: javadoc/Servidor.pdf Graphic file (type pdf)

<use javadoc/Servidor.pdf, page 4>
Package pdftex.def Info: javadoc/Servidor.pdf, page4 used on input line 32.
(pdftex.def)             Requested size: 537.50316pt x 760.63474pt.
File: javadoc/Servidor.pdf Graphic file (type pdf)
 <use javadoc/Servidor.pdf, page 4>
Package pdftex.def Info: javadoc/Servidor.pdf, page4 used on input line 32.
(pdftex.def)             Requested size: 537.50316pt x 760.63474pt.


Package Fancyhdr Warning: \headheight is too small (12.0pt): 
 Make it at least 13.07225pt.
 We now make it that large for the rest of the document.
 This may cause the page layout to be inconsistent, however.

File: javadoc/Servidor.pdf Graphic file (type pdf)
<use javadoc/Servidor.pdf, page 4>
Package pdftex.def Info: javadoc/Servidor.pdf, page4 used on input line 32.
(pdftex.def)             Requested size: 537.50316pt x 760.63474pt.
 [26 <./javadoc/Servidor.pdf>]
<javadoc/RespuestaServidor.pdf, id=532, 597.23125pt x 845.1575pt>
File: javadoc/RespuestaServidor.pdf Graphic file (type pdf)

<use javadoc/RespuestaServidor.pdf>
Package pdftex.def Info: javadoc/RespuestaServidor.pdf used on input line 33.
(pdftex.def)             Requested size: 597.22978pt x 845.15544pt.
File: javadoc/RespuestaServidor.pdf Graphic file (type pdf)
 <use javadoc/RespuestaServidor.pdf>
Package pdftex.def Info: javadoc/RespuestaServidor.pdf used on input line 33.
(pdftex.def)             Requested size: 597.22978pt x 845.15544pt.

<javadoc/RespuestaServidor.pdf, id=535, page=1, 597.23125pt x 845.1575pt>
File: javadoc/RespuestaServidor.pdf Graphic file (type pdf)

<use javadoc/RespuestaServidor.pdf, page 1>
Package pdftex.def Info: javadoc/RespuestaServidor.pdf, page1 used on input lin
e 33.
(pdftex.def)             Requested size: 597.22978pt x 845.15544pt.
File: javadoc/RespuestaServidor.pdf Graphic file (type pdf)

<use javadoc/RespuestaServidor.pdf, page 1>
Package pdftex.def Info: javadoc/RespuestaServidor.pdf, page1 used on input lin
e 33.
(pdftex.def)             Requested size: 537.50316pt x 760.63474pt.
File: javadoc/RespuestaServidor.pdf Graphic file (type pdf)

<use javadoc/RespuestaServidor.pdf, page 1>
Package pdftex.def Info: javadoc/RespuestaServidor.pdf, page1 used on input lin
e 33.
(pdftex.def)             Requested size: 537.50316pt x 760.63474pt.
File: javadoc/RespuestaServidor.pdf Graphic file (type pdf)

<use javadoc/RespuestaServidor.pdf, page 1>
Package pdftex.def Info: javadoc/RespuestaServidor.pdf, page1 used on input lin
e 33.
(pdftex.def)             Requested size: 537.50316pt x 760.63474pt.


Package Fancyhdr Warning: \headheight is too small (12.0pt): 
 Make it at least 13.07225pt.
 We now make it that large for the rest of the document.
 This may cause the page layout to be inconsistent, however.

File: javadoc/RespuestaServidor.pdf Graphic file (type pdf)
<use javadoc/RespuestaServidor.pdf, page 1>
Package pdftex.def Info: javadoc/RespuestaServidor.pdf, page1 used on input lin
e 33.
(pdftex.def)             Requested size: 537.50316pt x 760.63474pt.
 [27 <./javadoc/RespuestaServidor.pdf>] <javadoc/RespuestaServidor.pdf, id=581,
 page=2, 597.23125pt x 845.1575pt>
File: javadoc/RespuestaServidor.pdf Graphic file (type pdf)

<use javadoc/RespuestaServidor.pdf, page 2>
Package pdftex.def Info: javadoc/RespuestaServidor.pdf, page2 used on input lin
e 33.
(pdftex.def)             Requested size: 537.50316pt x 760.63474pt.
File: javadoc/RespuestaServidor.pdf Graphic file (type pdf)

<use javadoc/RespuestaServidor.pdf, page 2>
Package pdftex.def Info: javadoc/RespuestaServidor.pdf, page2 used on input lin
e 33.
(pdftex.def)             Requested size: 537.50316pt x 760.63474pt.


Package Fancyhdr Warning: \headheight is too small (12.0pt): 
 Make it at least 13.07225pt.
 We now make it that large for the rest of the document.
 This may cause the page layout to be inconsistent, however.

File: javadoc/RespuestaServidor.pdf Graphic file (type pdf)
<use javadoc/RespuestaServidor.pdf, page 2>
Package pdftex.def Info: javadoc/RespuestaServidor.pdf, page2 used on input lin
e 33.
(pdftex.def)             Requested size: 537.50316pt x 760.63474pt.
 [28 <./javadoc/RespuestaServidor.pdf>] <javadoc/Reloj.pdf, id=588, 597.23125pt
 x 845.1575pt>
File: javadoc/Reloj.pdf Graphic file (type pdf)

<use javadoc/Reloj.pdf>
Package pdftex.def Info: javadoc/Reloj.pdf used on input line 34.
(pdftex.def)             Requested size: 597.22978pt x 845.15544pt.
File: javadoc/Reloj.pdf Graphic file (type pdf)
 <use javadoc/Reloj.pdf>
Package pdftex.def Info: javadoc/Reloj.pdf used on input line 34.
(pdftex.def)             Requested size: 597.22978pt x 845.15544pt.

<javadoc/Reloj.pdf, id=591, page=1, 597.23125pt x 845.1575pt>
File: javadoc/Reloj.pdf Graphic file (type pdf)

<use javadoc/Reloj.pdf, page 1>
Package pdftex.def Info: javadoc/Reloj.pdf, page1 used on input line 34.
(pdftex.def)             Requested size: 597.22978pt x 845.15544pt.
File: javadoc/Reloj.pdf Graphic file (type pdf)
 <use javadoc/Reloj.pdf, page 1>
Package pdftex.def Info: javadoc/Reloj.pdf, page1 used on input line 34.
(pdftex.def)             Requested size: 537.50316pt x 760.63474pt.
File: javadoc/Reloj.pdf Graphic file (type pdf)

<use javadoc/Reloj.pdf, page 1>
Package pdftex.def Info: javadoc/Reloj.pdf, page1 used on input line 34.
(pdftex.def)             Requested size: 537.50316pt x 760.63474pt.
File: javadoc/Reloj.pdf Graphic file (type pdf)
 <use javadoc/Reloj.pdf, page 1>
Package pdftex.def Info: javadoc/Reloj.pdf, page1 used on input line 34.
(pdftex.def)             Requested size: 537.50316pt x 760.63474pt.


Package Fancyhdr Warning: \headheight is too small (12.0pt): 
 Make it at least 13.07225pt.
 We now make it that large for the rest of the document.
 This may cause the page layout to be inconsistent, however.

File: javadoc/Reloj.pdf Graphic file (type pdf)
<use javadoc/Reloj.pdf, page 1>
Package pdftex.def Info: javadoc/Reloj.pdf, page1 used on input line 34.
(pdftex.def)             Requested size: 537.50316pt x 760.63474pt.
 [29 <./javadoc/Reloj.pdf>]
<javadoc/Reloj.pdf, id=637, page=2, 597.23125pt x 845.1575pt>
File: javadoc/Reloj.pdf Graphic file (type pdf)

<use javadoc/Reloj.pdf, page 2>
Package pdftex.def Info: javadoc/Reloj.pdf, page2 used on input line 34.
(pdftex.def)             Requested size: 537.50316pt x 760.63474pt.
File: javadoc/Reloj.pdf Graphic file (type pdf)
 <use javadoc/Reloj.pdf, page 2>
Package pdftex.def Info: javadoc/Reloj.pdf, page2 used on input line 34.
(pdftex.def)             Requested size: 537.50316pt x 760.63474pt.


Package Fancyhdr Warning: \headheight is too small (12.0pt): 
 Make it at least 13.07225pt.
 We now make it that large for the rest of the document.
 This may cause the page layout to be inconsistent, however.

File: javadoc/Reloj.pdf Graphic file (type pdf)
<use javadoc/Reloj.pdf, page 2>
Package pdftex.def Info: javadoc/Reloj.pdf, page2 used on input line 34.
(pdftex.def)             Requested size: 537.50316pt x 760.63474pt.
 [30 <./javadoc/Reloj.pdf>])
Package atveryend Info: Empty hook `BeforeClearDocument' on input line 111.
Package atveryend Info: Empty hook `AfterLastShipout' on input line 111.
 (./main.aux
(./portada/portada.aux) (./temas/tema1.aux) (./temas/tema2.aux)
(./temas/tema3.aux) (./temas/tema4.aux) (./temas/javadoc.aux))
Package atveryend Info: Executing hook `AtVeryEndDocument' on input line 111.
Package atveryend Info: Executing hook `AtEndAfterFileList' on input line 111.
Package rerunfilecheck Info: File `main.out' has not changed.
(rerunfilecheck)             Checksum: 8F22D9D56792ECF839B5113F8C66B352;1888.


LaTeX Warning: There were multiply-defined labels.

Package atveryend Info: Empty hook `AtVeryVeryEnd' on input line 111.
 ) 
Here is how much of TeX's memory you used:
 19943 strings out of 493304
 372674 string characters out of 6139870
 453681 words of memory out of 5000000
 22904 multiletter control sequences out of 15000+600000
 7870 words of font info for 29 fonts, out of 8000000 for 9000
 957 hyphenation exceptions out of 8191
 62i,19n,90p,1027b,910s stack positions out of 5000i,500n,10000p,200000b,80000s
</usr/share/texlive/texmf-dist/fonts/type1/public/amsfonts/cm/cmbx10.pfb></us
r/share/texlive/texmf-dist/fonts/type1/public/amsfonts/cm/cmbx12.pfb></usr/shar
e/texlive/texmf-dist/fonts/type1/public/amsfonts/cm/cmbxti10.pfb></usr/share/te
xlive/texmf-dist/fonts/type1/public/amsfonts/cm/cmitt10.pfb></usr/share/texlive
/texmf-dist/fonts/type1/public/amsfonts/cm/cmmi10.pfb></usr/share/texlive/texmf
-dist/fonts/type1/public/amsfonts/cm/cmr10.pfb></usr/share/texlive/texmf-dist/f
onts/type1/public/amsfonts/cm/cmr17.pfb></usr/share/texlive/texmf-dist/fonts/ty
pe1/public/amsfonts/cm/cmsl10.pfb></usr/share/texlive/texmf-dist/fonts/type1/pu
blic/amsfonts/cm/cmsy10.pfb></usr/share/texlive/texmf-dist/fonts/type1/public/a
msfonts/cm/cmti10.pfb>
Output written on main.pdf (31 pages, 474153 bytes).
PDF statistics:
 696 PDF objects out of 1000 (max. 8388607)
 481 compressed objects within 5 object streams
 69 named destinations out of 1000 (max. 500000)
 465 words of extra memory for PDF output out of 10000 (max. 10000000)

